<?xml version="1.0" encoding="UTF-8"?>
<!-- Generated by org.testng.reporters.JUnitReportReporter -->
<testsuite hostname="DESKTOP-4G6V73A" failures="0" tests="1" name="TestRunner.RunnerTest" time="6.630" errors="0" timestamp="2023-07-30T14:30:06 IST" skipped="0">
  <testcase classname="TestRunner.RunnerTest" name="runScenario" time="6.630"/>
  <system-out/>
</testsuite> <!-- TestRunner.RunnerTest -->
